"client2"@joschka-1000H<0.258.0>-C-1-07: 2te_Nachtricht. C Out: 16.04 22:58:10,841|(2); gesendet 
"client2"@joschka-1000H<0.258.0>-C-1-07: 5te_Nachtricht. C Out: 16.04 22:58:13,859|(5); gesendet 
"client2"@joschka-1000H<0.258.0>-C-1-07: 11te_Nachtricht. C Out: 16.04 22:58:16,873|(11); gesendet 
"client2"@joschka-1000H<0.258.0>-C-1-07: 14te_Nachtricht. C Out: 16.04 22:58:19,886|(14); gesendet 
"client2"@joschka-1000H<0.258.0>-C-1-07: 17te_Nachtricht. C Out: 16.04 22:58:22,900|(17); gesendet 
21te_Nachtricht um 16.04 22:58:25,915|vergessen zu senden ******
"client2"@joschka-1000H<0.258.0>-C-1-07: 5te_Nachtricht. C Out: 16.04 22:58:13,859|(5); HBQ In: 16.04 22:58:16,867| DLQ In: "16.04 22:58:19,880|"******* gelesen, Terminated = false 
"client4"@joschka-1000H<0.256.0>-C-1-07: 6te_Nachtricht. C Out: 16.04 22:58:13,859|(6); HBQ In: 16.04 22:58:16,866| DLQ In: "16.04 22:58:19,883|" gelesen, Terminated = false 
"client1"@joschka-1000H<0.259.0>-C-1-07: 7te_Nachtricht. C Out: 16.04 22:58:13,858|(7); HBQ In: 16.04 22:58:16,866| DLQ In: "16.04 22:58:19,884|" gelesen, Terminated = false 
"client3"@joschka-1000H<0.257.0>-C-1-07: 8te_Nachtricht. C Out: 16.04 22:58:16,872|(8); HBQ In: 16.04 22:58:19,877| DLQ In: "16.04 22:58:19,887|" gelesen, Terminated = false 
"client1"@joschka-1000H<0.259.0>-C-1-07: 9te_Nachtricht. C Out: 16.04 22:58:16,873|(9); HBQ In: 16.04 22:58:19,879| DLQ In: "16.04 22:58:19,887|" gelesen, Terminated = false 
"client4"@joschka-1000H<0.256.0>-C-1-07: 10te_Nachtricht. C Out: 16.04 22:58:16,873|(10); HBQ In: 16.04 22:58:19,877| DLQ In: "16.04 22:58:19,888|" gelesen, Terminated = false 
"client2"@joschka-1000H<0.258.0>-C-1-07: 11te_Nachtricht. C Out: 16.04 22:58:16,873|(11); HBQ In: 16.04 22:58:19,878| DLQ In: "16.04 22:58:19,888|"******* gelesen, Terminated = false 
"client4"@joschka-1000H<0.256.0>-C-1-07: 12te_Nachtricht. C Out: 16.04 22:58:19,886|(12); HBQ In: 16.04 22:58:22,894| DLQ In: "16.04 22:58:22,895|" gelesen, Terminated = false 
"client3"@joschka-1000H<0.257.0>-C-1-07: 13te_Nachtricht. C Out: 16.04 22:58:19,886|(13); HBQ In: 16.04 22:58:22,893| DLQ In: "16.04 22:58:22,895|" gelesen, Terminated = false 
"client2"@joschka-1000H<0.258.0>-C-1-07: 14te_Nachtricht. C Out: 16.04 22:58:19,886|(14); HBQ In: 16.04 22:58:22,894| DLQ In: "16.04 22:58:22,895|"******* gelesen, Terminated = false 
"client1"@joschka-1000H<0.259.0>-C-1-07: 15te_Nachtricht. C Out: 16.04 22:58:19,889|(15); HBQ In: 16.04 22:58:22,896| DLQ In: "16.04 22:58:22,896|" gelesen, Terminated = false 
"client3"@joschka-1000H<0.257.0>-C-1-07: 16te_Nachtricht. C Out: 16.04 22:58:22,900|(16); HBQ In: 16.04 22:58:25,907| DLQ In: "16.04 22:58:25,907|" gelesen, Terminated = false 
"client2"@joschka-1000H<0.258.0>-C-1-07: 17te_Nachtricht. C Out: 16.04 22:58:22,900|(17); HBQ In: 16.04 22:58:25,908| DLQ In: "16.04 22:58:25,909|"******* gelesen, Terminated = false 
"client4"@joschka-1000H<0.256.0>-C-1-07: 18te_Nachtricht. C Out: 16.04 22:58:22,901|(18); HBQ In: 16.04 22:58:25,910| DLQ In: "16.04 22:58:25,910|" gelesen, Terminated = false 
"client1"@joschka-1000H<0.259.0>-C-1-07: 19te_Nachtricht. C Out: 16.04 22:58:22,901|(19); HBQ In: 16.04 22:58:25,911| DLQ In: "16.04 22:58:25,911|" gelesen, Terminated = true 
Neues Sendeintervall: 2 Sekunden"client2"@joschka-1000H<0.258.0>-C-1-07: 27te_Nachtricht. C Out: 16.04 22:58:26,039|(27); gesendet 
"client2"@joschka-1000H<0.258.0>-C-1-07: 31te_Nachtricht. C Out: 16.04 22:58:28,054|(31); gesendet 
"client2"@joschka-1000H<0.258.0>-C-1-07: 35te_Nachtricht. C Out: 16.04 22:58:30,059|(35); gesendet 
"client2"@joschka-1000H<0.258.0>-C-1-07: 38te_Nachtricht. C Out: 16.04 22:58:32,077|(38); gesendet 
"client2"@joschka-1000H<0.258.0>-C-1-07: 42te_Nachtricht. C Out: 16.04 22:58:34,091|(42); gesendet 
46te_Nachtricht um 16.04 22:58:36,106|vergessen zu senden ******
"client4"@joschka-1000H<0.256.0>-C-1-07: 29te_Nachtricht. C Out: 16.04 22:58:28,049|(29); HBQ In: 16.04 22:58:30,053| DLQ In: "16.04 22:58:32,060|" gelesen, Terminated = false 
"client1"@joschka-1000H<0.259.0>-C-1-07: 30te_Nachtricht. C Out: 16.04 22:58:28,054|(30); HBQ In: 16.04 22:58:30,057| DLQ In: "16.04 22:58:32,060|" gelesen, Terminated = false 
"client2"@joschka-1000H<0.258.0>-C-1-07: 31te_Nachtricht. C Out: 16.04 22:58:28,054|(31); HBQ In: 16.04 22:58:30,058| DLQ In: "16.04 22:58:32,061|"******* gelesen, Terminated = false 
"client3"@joschka-1000H<0.257.0>-C-1-07: 32te_Nachtricht. C Out: 16.04 22:58:30,053|(32); HBQ In: 16.04 22:58:32,057| DLQ In: "16.04 22:58:32,064|" gelesen, Terminated = false 
"client4"@joschka-1000H<0.256.0>-C-1-07: 33te_Nachtricht. C Out: 16.04 22:58:30,062|(33); HBQ In: 16.04 22:58:32,068| DLQ In: "16.04 22:58:32,068|" gelesen, Terminated = false 
"client1"@joschka-1000H<0.259.0>-C-1-07: 34te_Nachtricht. C Out: 16.04 22:58:30,059|(34); HBQ In: 16.04 22:58:32,074| DLQ In: "16.04 22:58:32,075|" gelesen, Terminated = false 
"client2"@joschka-1000H<0.258.0>-C-1-07: 35te_Nachtricht. C Out: 16.04 22:58:30,059|(35); HBQ In: 16.04 22:58:32,074| DLQ In: "16.04 22:58:32,075|"******* gelesen, Terminated = false 
"client3"@joschka-1000H<0.257.0>-C-1-07: 36te_Nachtricht. C Out: 16.04 22:58:32,074|(36); HBQ In: 16.04 22:58:34,078| DLQ In: "16.04 22:58:34,078|" gelesen, Terminated = false 
"client4"@joschka-1000H<0.256.0>-C-1-07: 37te_Nachtricht. C Out: 16.04 22:58:32,076|(37); HBQ In: 16.04 22:58:34,083| DLQ In: "16.04 22:58:34,083|" gelesen, Terminated = false 
"client2"@joschka-1000H<0.258.0>-C-1-07: 38te_Nachtricht. C Out: 16.04 22:58:32,077|(38); HBQ In: 16.04 22:58:34,084| DLQ In: "16.04 22:58:34,085|"******* gelesen, Terminated = false 
"client1"@joschka-1000H<0.259.0>-C-1-07: 39te_Nachtricht. C Out: 16.04 22:58:32,077|(39); HBQ In: 16.04 22:58:34,086| DLQ In: "16.04 22:58:34,086|" gelesen, Terminated = false 
"client3"@joschka-1000H<0.257.0>-C-1-07: 40te_Nachtricht. C Out: 16.04 22:58:34,090|(40); HBQ In: 16.04 22:58:36,097| DLQ In: "16.04 22:58:36,098|" gelesen, Terminated = false 
"client4"@joschka-1000H<0.256.0>-C-1-07: 41te_Nachtricht. C Out: 16.04 22:58:34,091|(41); HBQ In: 16.04 22:58:36,099| DLQ In: "16.04 22:58:36,099|" gelesen, Terminated = false 
"client2"@joschka-1000H<0.258.0>-C-1-07: 42te_Nachtricht. C Out: 16.04 22:58:34,091|(42); HBQ In: 16.04 22:58:36,100| DLQ In: "16.04 22:58:36,100|"******* gelesen, Terminated = false 
"client1"@joschka-1000H<0.259.0>-C-1-07: 43te_Nachtricht. C Out: 16.04 22:58:34,092|(43); HBQ In: 16.04 22:58:36,102| DLQ In: "16.04 22:58:36,102|" gelesen, Terminated = true 
Neues Sendeintervall: 1 Sekunden"client2"@joschka-1000H<0.258.0>-C-1-07: 49te_Nachtricht. C Out: 16.04 22:58:36,201|(49); gesendet 
"client2"@joschka-1000H<0.258.0>-C-1-07: 53te_Nachtricht. C Out: 16.04 22:58:37,206|(53); gesendet 
"client2"@joschka-1000H<0.258.0>-C-1-07: 56te_Nachtricht. C Out: 16.04 22:58:38,223|(56); gesendet 
"client2"@joschka-1000H<0.258.0>-C-1-07: 61te_Nachtricht. C Out: 16.04 22:58:39,238|(61); gesendet 
