"client3"@joschka-1000H<0.51.0>-C-1-07: 1te_Nachtricht. C Out: 16.04 22:50:28,574|(1); gesendet 
"client3"@joschka-1000H<0.51.0>-C-1-07: 5te_Nachtricht. C Out: 16.04 22:50:31,589|(5); gesendet 
"client3"@joschka-1000H<0.51.0>-C-1-07: 9te_Nachtricht. C Out: 16.04 22:50:34,597|(9); gesendet 
"client3"@joschka-1000H<0.51.0>-C-1-07: 13te_Nachtricht. C Out: 16.04 22:50:37,608|(13); gesendet 
"client3"@joschka-1000H<0.51.0>-C-1-07: 17te_Nachtricht. C Out: 16.04 22:50:40,620|(17); gesendet 
21te_Nachtricht um 16.04 22:50:43,628|vergessen zu senden ******
"client1"@joschka-1000H<0.53.0>-C-1-07: 3te_Nachtricht. C Out: 16.04 22:50:28,574|(3); HBQ In: 16.04 22:50:31,584| DLQ In: "16.04 22:50:31,584|" gelesen, Terminated = false 
"client3"@joschka-1000H<0.51.0>-C-1-07: 5te_Nachtricht. C Out: 16.04 22:50:31,589|(5); HBQ In: 16.04 22:50:34,594| DLQ In: "16.04 22:50:34,594|"******* gelesen, Terminated = false 
"client2"@joschka-1000H<0.52.0>-C-1-07: 6te_Nachtricht. C Out: 16.04 22:50:31,589|(6); HBQ In: 16.04 22:50:34,595| DLQ In: "16.04 22:50:34,595|" gelesen, Terminated = false 
"client1"@joschka-1000H<0.53.0>-C-1-07: 7te_Nachtricht. C Out: 16.04 22:50:31,589|(7); HBQ In: 16.04 22:50:34,596| DLQ In: "16.04 22:50:34,597|" gelesen, Terminated = false 
"client4"@joschka-1000H<0.46.0>-C-1-07: 8te_Nachtricht. C Out: 16.04 22:50:34,596|(8); HBQ In: 16.04 22:50:37,601| DLQ In: "16.04 22:50:37,601|" gelesen, Terminated = false 
"client3"@joschka-1000H<0.51.0>-C-1-07: 9te_Nachtricht. C Out: 16.04 22:50:34,597|(9); HBQ In: 16.04 22:50:37,603| DLQ In: "16.04 22:50:37,603|"******* gelesen, Terminated = false 
"client2"@joschka-1000H<0.52.0>-C-1-07: 10te_Nachtricht. C Out: 16.04 22:50:34,607|(10); HBQ In: 16.04 22:50:37,610| DLQ In: "16.04 22:50:37,610|" gelesen, Terminated = false 
"client1"@joschka-1000H<0.53.0>-C-1-07: 11te_Nachtricht. C Out: 16.04 22:50:34,607|(11); HBQ In: 16.04 22:50:37,612| DLQ In: "16.04 22:50:37,612|" gelesen, Terminated = false 
"client4"@joschka-1000H<0.46.0>-C-1-07: 12te_Nachtricht. C Out: 16.04 22:50:37,603|(12); HBQ In: 16.04 22:50:40,611| DLQ In: "16.04 22:50:40,611|" gelesen, Terminated = false 
"client3"@joschka-1000H<0.51.0>-C-1-07: 13te_Nachtricht. C Out: 16.04 22:50:37,608|(13); HBQ In: 16.04 22:50:40,613| DLQ In: "16.04 22:50:40,613|"******* gelesen, Terminated = false 
"client2"@joschka-1000H<0.52.0>-C-1-07: 14te_Nachtricht. C Out: 16.04 22:50:37,614|(14); HBQ In: 16.04 22:50:40,619| DLQ In: "16.04 22:50:40,619|" gelesen, Terminated = false 
"client1"@joschka-1000H<0.53.0>-C-1-07: 15te_Nachtricht. C Out: 16.04 22:50:37,620|(15); HBQ In: 16.04 22:50:40,623| DLQ In: "16.04 22:50:40,623|" gelesen, Terminated = false 
"client4"@joschka-1000H<0.46.0>-C-1-07: 16te_Nachtricht. C Out: 16.04 22:50:40,618|(16); HBQ In: 16.04 22:50:43,625| DLQ In: "16.04 22:50:43,625|" gelesen, Terminated = false 
"client3"@joschka-1000H<0.51.0>-C-1-07: 17te_Nachtricht. C Out: 16.04 22:50:40,620|(17); HBQ In: 16.04 22:50:43,626| DLQ In: "16.04 22:50:43,626|"******* gelesen, Terminated = false 
"client2"@joschka-1000H<0.52.0>-C-1-07: 18te_Nachtricht. C Out: 16.04 22:50:40,626|(18); HBQ In: 16.04 22:50:43,634| DLQ In: "16.04 22:50:43,634|" gelesen, Terminated = false 
"client1"@joschka-1000H<0.53.0>-C-1-07: 19te_Nachtricht. C Out: 16.04 22:50:40,626|(19); HBQ In: 16.04 22:50:43,635| DLQ In: "16.04 22:50:43,635|" gelesen, Terminated = true 
Neues Sendeintervall: 2 Sekunden"client3"@joschka-1000H<0.51.0>-C-1-07: 27te_Nachtricht. C Out: 16.04 22:50:43,769|(27); gesendet 
"client3"@joschka-1000H<0.51.0>-C-1-07: 31te_Nachtricht. C Out: 16.04 22:50:45,775|(31); gesendet 
"client3"@joschka-1000H<0.51.0>-C-1-07: 34te_Nachtricht. C Out: 16.04 22:50:47,780|(34); gesendet 
"client3"@joschka-1000H<0.51.0>-C-1-07: 38te_Nachtricht. C Out: 16.04 22:50:49,790|(38); gesendet 
"client3"@joschka-1000H<0.51.0>-C-1-07: 42te_Nachtricht. C Out: 16.04 22:50:51,802|(42); gesendet 
46te_Nachtricht um 16.04 22:50:53,821|vergessen zu senden ******
"client1"@joschka-1000H<0.53.0>-C-1-07: 29te_Nachtricht. C Out: 16.04 22:50:45,757|(29); HBQ In: 16.04 22:50:47,762| DLQ In: "16.04 22:50:49,771|" gelesen, Terminated = false 
"client4"@joschka-1000H<0.46.0>-C-1-07: 30te_Nachtricht. C Out: 16.04 22:50:45,771|(30); HBQ In: 16.04 22:50:47,781| DLQ In: "16.04 22:50:49,772|" gelesen, Terminated = false 
"client3"@joschka-1000H<0.51.0>-C-1-07: 31te_Nachtricht. C Out: 16.04 22:50:45,775|(31); HBQ In: 16.04 22:50:47,779| DLQ In: "16.04 22:50:49,772|"******* gelesen, Terminated = false 
"client2"@joschka-1000H<0.52.0>-C-1-07: 32te_Nachtricht. C Out: 16.04 22:50:47,766|(32); HBQ In: 16.04 22:50:49,769| DLQ In: "16.04 22:50:49,773|" gelesen, Terminated = false 
"client1"@joschka-1000H<0.53.0>-C-1-07: 33te_Nachtricht. C Out: 16.04 22:50:47,765|(33); HBQ In: 16.04 22:50:49,774| DLQ In: "16.04 22:50:49,774|" gelesen, Terminated = false 
"client3"@joschka-1000H<0.51.0>-C-1-07: 34te_Nachtricht. C Out: 16.04 22:50:47,780|(34); HBQ In: 16.04 22:50:49,783| DLQ In: "16.04 22:50:49,783|"******* gelesen, Terminated = false 
"client4"@joschka-1000H<0.46.0>-C-1-07: 35te_Nachtricht. C Out: 16.04 22:50:47,785|(35); HBQ In: 16.04 22:50:49,792| DLQ In: "16.04 22:50:49,792|" gelesen, Terminated = false 
"client1"@joschka-1000H<0.53.0>-C-1-07: 36te_Nachtricht. C Out: 16.04 22:50:49,777|(36); HBQ In: 16.04 22:50:51,783| DLQ In: "16.04 22:50:51,783|" gelesen, Terminated = false 
"client2"@joschka-1000H<0.52.0>-C-1-07: 37te_Nachtricht. C Out: 16.04 22:50:49,777|(37); HBQ In: 16.04 22:50:51,784| DLQ In: "16.04 22:50:51,784|" gelesen, Terminated = false 
"client3"@joschka-1000H<0.51.0>-C-1-07: 38te_Nachtricht. C Out: 16.04 22:50:49,790|(38); HBQ In: 16.04 22:50:51,792| DLQ In: "16.04 22:50:51,792|"******* gelesen, Terminated = false 
"client4"@joschka-1000H<0.46.0>-C-1-07: 39te_Nachtricht. C Out: 16.04 22:50:49,794|(39); HBQ In: 16.04 22:50:51,803| DLQ In: "16.04 22:50:51,803|" gelesen, Terminated = false 
"client2"@joschka-1000H<0.52.0>-C-1-07: 40te_Nachtricht. C Out: 16.04 22:50:51,791|(40); HBQ In: 16.04 22:50:53,796| DLQ In: "16.04 22:50:53,796|" gelesen, Terminated = false 
"client1"@joschka-1000H<0.53.0>-C-1-07: 41te_Nachtricht. C Out: 16.04 22:50:51,791|(41); HBQ In: 16.04 22:50:53,797| DLQ In: "16.04 22:50:53,798|" gelesen, Terminated = false 
"client3"@joschka-1000H<0.51.0>-C-1-07: 42te_Nachtricht. C Out: 16.04 22:50:51,802|(42); HBQ In: 16.04 22:50:53,806| DLQ In: "16.04 22:50:53,807|"******* gelesen, Terminated = false 
"client4"@joschka-1000H<0.46.0>-C-1-07: 43te_Nachtricht. C Out: 16.04 22:50:51,810|(43); HBQ In: 16.04 22:50:53,825| DLQ In: "16.04 22:50:53,826|" gelesen, Terminated = true 
Neues Sendeintervall: 1 Sekunden"client3"@joschka-1000H<0.51.0>-C-1-07: 50te_Nachtricht. C Out: 16.04 22:50:53,976|(50); gesendet 
"client3"@joschka-1000H<0.51.0>-C-1-07: 53te_Nachtricht. C Out: 16.04 22:50:54,982|(53); gesendet 
"client3"@joschka-1000H<0.51.0>-C-1-07: 58te_Nachtricht. C Out: 16.04 22:50:55,996|(58); gesendet 
"client3"@joschka-1000H<0.51.0>-C-1-07: 61te_Nachtricht. C Out: 16.04 22:50:57,013|(61); gesendet 
