c0@lab-<0.50.0>-C-1-07: 0te_Nachtricht. C Out: 15.04 23:47:47,434|(0);gesendet 
c0@lab-<0.50.0>-C-1-07: 1te_Nachtricht. C Out: 15.04 23:47:47,435|(1);gesendet 
c0@lab-<0.50.0>-C-1-07: 2te_Nachtricht. C Out: 15.04 23:47:47,437|(2);gesendet 
c0@lab-<0.50.0>-C-1-07: 3te_Nachtricht. C Out: 15.04 23:47:47,438|(3);gesendet 
c0@lab-<0.50.0>-C-1-07: 4te_Nachtricht. C Out: 15.04 23:47:47,439|(4);gesendet 
5te_Nachtricht um 15.04 23:47:47,440|vergessen zu senden ******
c0@lab-<0.50.0>-C-1-07: 0te_Nachtricht. C Out: 15.04 23:47:47,434|(0); HBQ In: 15.04 23:47:47,435| DLQ In: "15.04 23:47:47,435|"gelesen, Terminated = false 
c0@lab-<0.50.0>-C-1-07: 1te_Nachtricht. C Out: 15.04 23:47:47,435|(1); HBQ In: 15.04 23:47:47,436| DLQ In: "15.04 23:47:47,436|"gelesen, Terminated = false 
c0@lab-<0.50.0>-C-1-07: 2te_Nachtricht. C Out: 15.04 23:47:47,437|(2); HBQ In: 15.04 23:47:47,437| DLQ In: "15.04 23:47:47,437|"gelesen, Terminated = false 
c0@lab-<0.50.0>-C-1-07: 3te_Nachtricht. C Out: 15.04 23:47:47,438|(3); HBQ In: 15.04 23:47:47,438| DLQ In: "15.04 23:47:47,438|"gelesen, Terminated = false 
c0@lab-<0.50.0>-C-1-07: 4te_Nachtricht. C Out: 15.04 23:47:47,439|(4); HBQ In: 15.04 23:47:47,439| DLQ In: "15.04 23:47:47,440|"gelesen, Terminated = true 
c0@lab-<0.50.0>-C-1-07: 6te_Nachtricht. C Out: 15.04 23:47:47,446|(6);gesendet 
c0@lab-<0.50.0>-C-1-07: 7te_Nachtricht. C Out: 15.04 23:47:47,446|(7);gesendet 
c0@lab-<0.50.0>-C-1-07: 8te_Nachtricht. C Out: 15.04 23:47:47,447|(8);gesendet 
c0@lab-<0.50.0>-C-1-07: 9te_Nachtricht. C Out: 15.04 23:47:47,447|(9);gesendet 
c0@lab-<0.50.0>-C-1-07: 10te_Nachtricht. C Out: 15.04 23:47:47,447|(10);gesendet 
11te_Nachtricht um 15.04 23:47:47,448|vergessen zu senden ******
Keine Eintraege vorhanden!gelesen, Terminated = true 
c0@lab-<0.50.0>-C-1-07: 12te_Nachtricht. C Out: 15.04 23:47:47,448|(12);gesendet 
c0@lab-<0.50.0>-C-1-07: 13te_Nachtricht. C Out: 15.04 23:47:47,449|(13);gesendet 
c0@lab-<0.50.0>-C-1-07: 14te_Nachtricht. C Out: 15.04 23:47:47,449|(14);gesendet 
c0@lab-<0.50.0>-C-1-07: 15te_Nachtricht. C Out: 15.04 23:47:47,450|(15);gesendet 
c0@lab-<0.50.0>-C-1-07: 16te_Nachtricht. C Out: 15.04 23:47:47,481|(16);gesendet 
17te_Nachtricht um 15.04 23:47:47,483|vergessen zu senden ******
