c1337@lab-<0.55.0>-C-1-07: 0te_Nachtricht. C Out: 16.04 00:13:48,232|(0);gesendet 
c1337@lab-<0.55.0>-C-1-07: 1te_Nachtricht. C Out: 16.04 00:13:48,233|(1);gesendet 
c1337@lab-<0.55.0>-C-1-07: 2te_Nachtricht. C Out: 16.04 00:13:48,234|(2);gesendet 
c1337@lab-<0.55.0>-C-1-07: 3te_Nachtricht. C Out: 16.04 00:13:48,236|(3);gesendet 
c1337@lab-<0.55.0>-C-1-07: 4te_Nachtricht. C Out: 16.04 00:13:48,238|(4);gesendet 
5te_Nachtricht um 16.04 00:13:48,239|vergessen zu senden ******
c1337@lab-<0.55.0>-C-1-07: 0te_Nachtricht. C Out: 16.04 00:13:48,232|(0); HBQ In: 16.04 00:13:48,232| DLQ In: "16.04 00:13:48,233|"gelesen, Terminated = false 
c1337@lab-<0.55.0>-C-1-07: 1te_Nachtricht. C Out: 16.04 00:13:48,233|(1); HBQ In: 16.04 00:13:48,234| DLQ In: "16.04 00:13:48,234|"gelesen, Terminated = false 
c1337@lab-<0.55.0>-C-1-07: 2te_Nachtricht. C Out: 16.04 00:13:48,234|(2); HBQ In: 16.04 00:13:48,235| DLQ In: "16.04 00:13:48,235|"gelesen, Terminated = false 
c1337@lab-<0.55.0>-C-1-07: 3te_Nachtricht. C Out: 16.04 00:13:48,236|(3); HBQ In: 16.04 00:13:48,236| DLQ In: "16.04 00:13:48,237|"gelesen, Terminated = false 
c1337@lab-<0.55.0>-C-1-07: 4te_Nachtricht. C Out: 16.04 00:13:48,238|(4); HBQ In: 16.04 00:13:48,238| DLQ In: "16.04 00:13:48,238|"gelesen, Terminated = true 
c1337@lab-<0.55.0>-C-1-07: 6te_Nachtricht. C Out: 16.04 00:13:48,244|(6);gesendet 
c1337@lab-<0.55.0>-C-1-07: 7te_Nachtricht. C Out: 16.04 00:13:48,245|(7);gesendet 
c1337@lab-<0.55.0>-C-1-07: 8te_Nachtricht. C Out: 16.04 00:13:48,246|(8);gesendet 
c1337@lab-<0.55.0>-C-1-07: 9te_Nachtricht. C Out: 16.04 00:13:48,247|(9);gesendet 
c1337@lab-<0.55.0>-C-1-07: 10te_Nachtricht. C Out: 16.04 00:13:48,248|(10);gesendet 
11te_Nachtricht um 16.04 00:13:48,249|vergessen zu senden ******
Keine Eintraege vorhanden!gelesen, Terminated = true 
c1337@lab-<0.55.0>-C-1-07: 12te_Nachtricht. C Out: 16.04 00:13:48,249|(12);gesendet 
c1337@lab-<0.55.0>-C-1-07: 13te_Nachtricht. C Out: 16.04 00:13:48,250|(13);gesendet 
c1337@lab-<0.55.0>-C-1-07: 14te_Nachtricht. C Out: 16.04 00:13:48,250|(14);gesendet 
c1337@lab-<0.55.0>-C-1-07: 15te_Nachtricht. C Out: 16.04 00:13:48,251|(15);gesendet 
c1337@lab-<0.55.0>-C-1-07: 16te_Nachtricht. C Out: 16.04 00:13:48,252|(16);gesendet 
17te_Nachtricht um 16.04 00:13:48,253|vergessen zu senden ******
